<?xml version="1.0" encoding="UTF-8"?>
<!-- Generated by org.testng.reporters.JUnitXMLReporter -->
<testsuite ignored="0" hostname="CTSHYD52094750" failures="1" tests="1" name="TC_AddCustomerTest_003" time="34.238" errors="0" timestamp="30 Mar 2021 14:25:43 GMT">
  <testcase classname="com.nopcommerce.testCases.TC_AddCustomerTest_003" name="addnewcust" time="29.464">
    <failure type="org.openqa.selenium.NoSuchElementException" message="Cannot locate an element using xpath=//div[@class=&amp;apos;alert alert-success alert-dismissable&amp;apos;]
For documentation on this error, please visit: https://selenium.dev/exceptions/#no_such_element
Build info: version: &amp;apos;4.0.0-alpha-5&amp;apos;, revision: &amp;apos;b3a0d621cc&amp;apos;
System info: host: &amp;apos;CTSHYD52094750&amp;apos;, ip: &amp;apos;10.1.2.206&amp;apos;, os.name: &amp;apos;Windows 10&amp;apos;, os.arch: &amp;apos;amd64&amp;apos;, os.version: &amp;apos;10.0&amp;apos;, java.version: &amp;apos;15.0.1&amp;apos;
Driver info: driver.version: RemoteWebDriver">
      <![CDATA[org.openqa.selenium.NoSuchElementException: Cannot locate an element using xpath=//div[@class='alert alert-success alert-dismissable']
For documentation on this error, please visit: https://selenium.dev/exceptions/#no_such_element
Build info: version: '4.0.0-alpha-5', revision: 'b3a0d621cc'
System info: host: 'CTSHYD52094750', ip: '10.1.2.206', os.name: 'Windows 10', os.arch: 'amd64', os.version: '10.0', java.version: '15.0.1'
Driver info: driver.version: RemoteWebDriver
at org.openqa.selenium.remote.RemoteWebDriver.findElement(RemoteWebDriver.java:336)
at org.openqa.selenium.remote.RemoteWebDriver.findElementByXPath(RemoteWebDriver.java:451)
at org.openqa.selenium.By$ByXPath.findElement(By.java:394)
at org.openqa.selenium.remote.RemoteWebDriver.findElement(RemoteWebDriver.java:325)
at com.nopcommerce.pageObjects.AddcustomerPage.Verifyconfirmationmsg(AddcustomerPage.java:146)
at com.nopcommerce.testCases.TC_AddCustomerTest_003.addnewcust(TC_AddCustomerTest_003.java:42)
... Removed 25 stack frames]]>
    </failure>
  </testcase> <!-- addnewcust -->
</testsuite> <!-- TC_AddCustomerTest_003 -->
